# JRE version: OpenJDK Runtime Environment (8.0_282-b08) (build 1.8.0_282-8u282-b08-0ubuntu1~20.04-b08)
# Java VM: OpenJDK 64-Bit Server VM (25.282-b08 mixed mode linux-amd64 compressed oops)
Heap:
 PSYoungGen      total 3458560K, used 842917K [0x00000006eab00000, 0x00000007bff00000, 0x00000007c0000000)
  eden space 3423744K, 23% used [0x00000006eab00000,0x000000071cba07e8,0x00000007bba80000)
  from space 34816K, 66% used [0x00000007bba80000,0x00000007bd108ee0,0x00000007bdc80000)
  to   space 34304K, 0% used [0x00000007bdd80000,0x00000007bdd80000,0x00000007bff00000)
 ParOldGen       total 5616128K, used 3327057K [0x0000000540000000, 0x0000000696c80000, 0x00000006eab00000)
  object space 5616128K, 59% used [0x0000000540000000,0x000000060b1144c8,0x0000000696c80000)
 Metaspace       used 108568K, capacity 113256K, committed 113496K, reserved 1146880K
  class space    used 15600K, capacity 16722K, committed 16768K, reserved 1048576K
GC Heap History (10 events):
Event: 253766.244 GC heap before
{Heap before GC invocations=7733 (full 6):
 PSYoungGen      total 3456512K, used 3446179K [0x00000006eab00000, 0x00000007bfe80000, 0x00000007c0000000)
  eden space 3421696K, 100% used [0x00000006eab00000,0x00000007bb880000,0x00000007bb880000)
  from space 34816K, 70% used [0x00000007bdc80000,0x00000007bf468ee0,0x00000007bfe80000)
  to   space 35840K, 0% used [0x00000007bb880000,0x00000007bb880000,0x00000007bdb80000)
 ParOldGen       total 5616128K, used 3325609K [0x0000000540000000, 0x0000000696c80000, 0x00000006eab00000)
  object space 5616128K, 59% used [0x0000000540000000,0x000000060afaa4c8,0x0000000696c80000)
 Metaspace       used 108568K, capacity 113256K, committed 113496K, reserved 1146880K
  class space    used 15600K, capacity 16722K, committed 16768K, reserved 1048576K
Event: 253766.255 GC heap after
Heap after GC invocations=7733 (full 6):
 PSYoungGen      total 3457536K, used 29443K [0x00000006eab00000, 0x00000007c0000000, 0x00000007c0000000)
  eden space 3421696K, 0% used [0x00000006eab00000,0x00000006eab00000,0x00000007bb880000)
  from space 35840K, 82% used [0x00000007bb880000,0x00000007bd540dd0,0x00000007bdb80000)
  to   space 36352K, 0% used [0x00000007bdc80000,0x00000007bdc80000,0x00000007c0000000)
 ParOldGen       total 5616128K, used 3325745K [0x0000000540000000, 0x0000000696c80000, 0x00000006eab00000)
  object space 5616128K, 59% used [0x0000000540000000,0x000000060afcc4c8,0x0000000696c80000)
 Metaspace       used 108568K, capacity 113256K, committed 113496K, reserved 1146880K
  class space    used 15600K, capacity 16722K, committed 16768K, reserved 1048576K
}
Event: 253797.948 GC heap before
{Heap before GC invocations=7734 (full 6):
 PSYoungGen      total 3457536K, used 3451139K [0x00000006eab00000, 0x00000007c0000000, 0x00000007c0000000)
  eden space 3421696K, 100% used [0x00000006eab00000,0x00000007bb880000,0x00000007bb880000)
  from space 35840K, 82% used [0x00000007bb880000,0x00000007bd540dd0,0x00000007bdb80000)
  to   space 36352K, 0% used [0x00000007bdc80000,0x00000007bdc80000,0x00000007c0000000)
 ParOldGen       total 5616128K, used 3325745K [0x0000000540000000, 0x0000000696c80000, 0x00000006eab00000)
  object space 5616128K, 59% used [0x0000000540000000,0x000000060afcc4c8,0x0000000696c80000)
 Metaspace       used 108568K, capacity 113256K, committed 113496K, reserved 1146880K
  class space    used 15600K, capacity 16722K, committed 16768K, reserved 1048576K
Event: 253797.957 GC heap after
Heap after GC invocations=7734 (full 6):
 PSYoungGen      total 3458560K, used 23139K [0x00000006eab00000, 0x00000007bff80000, 0x00000007c0000000)
  eden space 3422720K, 0% used [0x00000006eab00000,0x00000006eab00000,0x00000007bb980000)
  from space 35840K, 64% used [0x00000007bdc80000,0x00000007bf318dd0,0x00000007bff80000)
  to   space 35840K, 0% used [0x00000007bb980000,0x00000007bb980000,0x00000007bdc80000)
 ParOldGen       total 5616128K, used 3325809K [0x0000000540000000, 0x0000000696c80000, 0x00000006eab00000)
  object space 5616128K, 59% used [0x0000000540000000,0x000000060afdc4c8,0x0000000696c80000)
 Metaspace       used 108568K, capacity 113256K, committed 113496K, reserved 1146880K
  class space    used 15600K, capacity 16722K, committed 16768K, reserved 1048576K
}
Event: 253828.936 GC heap before
{Heap before GC invocations=7735 (full 6):
 PSYoungGen      total 3458560K, used 3445859K [0x00000006eab00000, 0x00000007bff80000, 0x00000007c0000000)
  eden space 3422720K, 100% used [0x00000006eab00000,0x00000007bb980000,0x00000007bb980000)
  from space 35840K, 64% used [0x00000007bdc80000,0x00000007bf318dd0,0x00000007bff80000)
  to   space 35840K, 0% used [0x00000007bb980000,0x00000007bb980000,0x00000007bdc80000)
 ParOldGen       total 5616128K, used 3325809K [0x0000000540000000, 0x0000000696c80000, 0x00000006eab00000)
  object space 5616128K, 59% used [0x0000000540000000,0x000000060afdc4c8,0x0000000696c80000)
 Metaspace       used 108568K, capacity 113256K, committed 113496K, reserved 1146880K
  class space    used 15600K, capacity 16722K, committed 16768K, reserved 1048576K
Event: 253828.947 GC heap after
Heap after GC invocations=7735 (full 6):
 PSYoungGen      total 3458560K, used 21091K [0x00000006eab00000, 0x00000007bff00000, 0x00000007c0000000)
  eden space 3422720K, 0% used [0x00000006eab00000,0x00000006eab00000,0x00000007bb980000)
  from space 35840K, 58% used [0x00000007bb980000,0x00000007bce18cc0,0x00000007bdc80000)
  to   space 35328K, 0% used [0x00000007bdc80000,0x00000007bdc80000,0x00000007bff00000)
 ParOldGen       total 5616128K, used 3326961K [0x0000000540000000, 0x0000000696c80000, 0x00000006eab00000)
  object space 5616128K, 59% used [0x0000000540000000,0x000000060b0fc4c8,0x0000000696c80000)
 Metaspace       used 108568K, capacity 113256K, committed 113496K, reserved 1146880K
  class space    used 15600K, capacity 16722K, committed 16768K, reserved 1048576K
}
Event: 253859.895 GC heap before
{Heap before GC invocations=7736 (full 6):
 PSYoungGen      total 3458560K, used 3443811K [0x00000006eab00000, 0x00000007bff00000, 0x00000007c0000000)
  eden space 3422720K, 100% used [0x00000006eab00000,0x00000007bb980000,0x00000007bb980000)
  from space 35840K, 58% used [0x00000007bb980000,0x00000007bce18cc0,0x00000007bdc80000)
  to   space 35328K, 0% used [0x00000007bdc80000,0x00000007bdc80000,0x00000007bff00000)
 ParOldGen       total 5616128K, used 3326961K [0x0000000540000000, 0x0000000696c80000, 0x00000006eab00000)
  object space 5616128K, 59% used [0x0000000540000000,0x000000060b0fc4c8,0x0000000696c80000)
 Metaspace       used 108568K, capacity 113256K, committed 113496K, reserved 1146880K
  class space    used 15600K, capacity 16722K, committed 16768K, reserved 1048576K
Event: 253859.908 GC heap after
Heap after GC invocations=7736 (full 6):
 PSYoungGen      total 3458560K, used 23235K [0x00000006eab00000, 0x00000007bfe80000, 0x00000007c0000000)
  eden space 3423744K, 0% used [0x00000006eab00000,0x00000006eab00000,0x00000007bba80000)
  from space 34816K, 66% used [0x00000007bdc80000,0x00000007bf330ee0,0x00000007bfe80000)
  to   space 34816K, 0% used [0x00000007bba80000,0x00000007bba80000,0x00000007bdc80000)
 ParOldGen       total 5616128K, used 3326985K [0x0000000540000000, 0x0000000696c80000, 0x00000006eab00000)
  object space 5616128K, 59% used [0x0000000540000000,0x000000060b1024c8,0x0000000696c80000)
 Metaspace       used 108568K, capacity 113256K, committed 113496K, reserved 1146880K
  class space    used 15600K, capacity 16722K, committed 16768K, reserved 1048576K
}
Event: 253891.399 GC heap before
{Heap before GC invocations=7737 (full 6):
 PSYoungGen      total 3458560K, used 3446979K [0x00000006eab00000, 0x00000007bfe80000, 0x00000007c0000000)
  eden space 3423744K, 100% used [0x00000006eab00000,0x00000007bba80000,0x00000007bba80000)
  from space 34816K, 66% used [0x00000007bdc80000,0x00000007bf330ee0,0x00000007bfe80000)
  to   space 34816K, 0% used [0x00000007bba80000,0x00000007bba80000,0x00000007bdc80000)
 ParOldGen       total 5616128K, used 3326985K [0x0000000540000000, 0x0000000696c80000, 0x00000006eab00000)
  object space 5616128K, 59% used [0x0000000540000000,0x000000060b1024c8,0x0000000696c80000)
 Metaspace       used 108568K, capacity 113256K, committed 113496K, reserved 1146880K
  class space    used 15600K, capacity 16722K, committed 16768K, reserved 1048576K
Event: 253891.409 GC heap after
Heap after GC invocations=7737 (full 6):
 PSYoungGen      total 3458560K, used 23075K [0x00000006eab00000, 0x00000007bff00000, 0x00000007c0000000)
  eden space 3423744K, 0% used [0x00000006eab00000,0x00000006eab00000,0x00000007bba80000)
  from space 34816K, 66% used [0x00000007bba80000,0x00000007bd108ee0,0x00000007bdc80000)
  to   space 34304K, 0% used [0x00000007bdd80000,0x00000007bdd80000,0x00000007bff00000)
 ParOldGen       total 5616128K, used 3327057K [0x0000000540000000, 0x0000000696c80000, 0x00000006eab00000)
  object space 5616128K, 59% used [0x0000000540000000,0x000000060b1144c8,0x0000000696c80000)
 Metaspace       used 108568K, capacity 113256K, committed 113496K, reserved 1146880K
  class space    used 15600K, capacity 16722K, committed 16768K, reserved 1048576K
}

